make all --print-data-base --no-builtin-variables --no-builtin-rules --question
# GNU Make 3.81
# Copyright (C) 2006  Free Software Foundation, Inc.
# This is free software; see the source for copying conditions.
# There is NO warranty; not even for MERCHANTABILITY or FITNESS FOR A
# PARTICULAR PURPOSE.

# This program built for i386-apple-darwin11.3.0
 

# Make data base, printed on Tue Aug 16 20:03:41 2022

# Variables

# automatic
<D = $(patsubst %/,%,$(dir $<))
# automatic
?F = $(notdir $?)
# makefile (from `Makefile', line 6)
OBJ = pipex_utils_1.o pipex_utils_2.o pipex.o
# makefile (from `Makefile', line 5)
SRC = pipex_utils_1.c pipex_utils_2.c pipex.c
# environment
VSCODE_LOG_NATIVE = false
# automatic
?D = $(patsubst %/,%,$(dir $?))
# automatic
@D = $(patsubst %/,%,$(dir $@))
# automatic
@F = $(notdir $@)
# makefile
CURDIR := /Users/daejlee/Desktop/pipex_related/pipex
# makefile
SHELL = /bin/sh
# environment
VSCODE_NLS_CONFIG = {"locale":"ko","availableLanguages":{"*":"ko"},"_languagePackId":"26f3b44ea4f1e942cca002e9545643cc.ko","_translationsConfigFile":"/Users/daejlee/Library/Application Support/Code/clp/26f3b44ea4f1e942cca002e9545643cc.ko/tcf.json","_cacheRoot":"/Users/daejlee/Library/Application Support/Code/clp/26f3b44ea4f1e942cca002e9545643cc.ko","_resolvedLanguagePackCoreLocation":"/Users/daejlee/Library/Application Support/Code/clp/26f3b44ea4f1e942cca002e9545643cc.ko/da15b6fd3ef856477bf6f4fb29ba1b7af717770d","_corruptedFile":"/Users/daejlee/Library/Application Support/Code/clp/26f3b44ea4f1e942cca002e9545643cc.ko/corrupted.info","_languagePackSupport":true}
# environment
_ = /usr/bin/make
# makefile (from `Makefile', line 3)
CFLAGS = -Wall -Wextra -Werror
# makefile (from `Makefile', line 1)
MAKEFILE_LIST :=  Makefile
# environment
VSCODE_VERBOSE_LOGGING = true
# environment
VSCODE_IPC_HOOK_EXTHOST = /var/folders/zz/zyxvpxvq6csfxvn_n000cqnc0035xb/T/vscode-ipc-9db519c8-cb91-498a-97d6-59e23d37e85e.sock
# environment
VSCODE_CWD = /
# makefile (from `Makefile', line 16)
OBJ_FILES = $(OBJ)
# environment
PATH = /Users/daejlee/.brew/bin:/usr/local/bin:/usr/bin:/bin:/usr/sbin:/sbin:/usr/local/munki
# environment
LSCOLORS = Gxfxcxdxbxegedabagacad
# environment
VSCODE_LOG_STACK = false
# environment
ELECTRON_RUN_AS_NODE = 1
# default
.FEATURES := target-specific order-only second-expansion else-if archives jobserver check-symlink
# makefile (from `Makefile', line 10)
LIBFT_DIR = ./libft
# environment
SSH_AUTH_SOCK = /private/tmp/com.apple.launchd.yQT8anRJSG/Listeners
# automatic
%F = $(notdir $%)
# environment
VSCODE_PIPE_LOGGING = true
# environment
PWD = /Users/daejlee/Desktop/pipex_related/pipex
# environment
ORIGINAL_XDG_CURRENT_DESKTOP = undefined
# environment
VSCODE_AMD_ENTRYPOINT = vs/workbench/api/node/extensionHostProcess
# environment
HOME = /Users/daejlee
# makefile (from `Makefile', line 8)
BONUS_OBJ = pipex_utils_1_bonus.o pipex_utils_2_bonus.o pipex_bonus.o
# default
MAKEFILEPATH := /Applications/Xcode.app/Contents/Developer/Makefiles
# environment
VSCODE_CODE_CACHE_PATH = /Users/daejlee/Library/Application Support/Code/CachedData/da15b6fd3ef856477bf6f4fb29ba1b7af717770d
# environment
LOGNAME = daejlee
# environment
APPLICATION_INSIGHTS_NO_DIAGNOSTIC_CHANNEL = 1
# environment
ZSH = /Users/daejlee/.oh-my-zsh
# environment
VSCODE_HANDLES_UNCAUGHT_ERRORS = true
# automatic
^D = $(patsubst %/,%,$(dir $^))
# environment
XPC_FLAGS = 0x0
# default
MAKE = $(MAKE_COMMAND)
# default
MAKECMDGOALS := all
# environment
SHLVL = 1
# makefile (from `Makefile', line 9)
LIBFT = ./libft/libft.a
# makefile (from `Makefile', line 4)
CC = cc
# default
MAKE_VERSION := 3.81
# environment
USER = daejlee
# makefile
.DEFAULT_GOAL := all
# makefile (from `Makefile', line 2)
NAME = pipex
# environment
LESS = -R
# automatic
%D = $(patsubst %/,%,$(dir $%))
# default
MAKE_COMMAND := /Applications/Xcode.app/Contents/Developer/usr/bin/make
# default
.VARIABLES := 
# environment
TMPDIR = /var/folders/zz/zyxvpxvq6csfxvn_n000cqnc0035xb/T/
# automatic
*F = $(notdir $*)
# environment
VSCODE_IPC_HOOK = /Users/daejlee/Library/Application Support/Code/1.67.1-main.sock
# makefile
MAKEFLAGS = Rrqp
# environment
MFLAGS = -Rrqp
# automatic
*D = $(patsubst %/,%,$(dir $*))
# environment
MAIL = daejlee@student.42seoul.kr
# environment
XPC_SERVICE_NAME = com.microsoft.VSCode.4816
# automatic
+D = $(patsubst %/,%,$(dir $+))
# automatic
+F = $(notdir $+)
# environment
__CF_USER_TEXT_ENCODING = 0x197AB:0x3:0x33
# default
MAKEFILES := 
# automatic
<F = $(notdir $<)
# environment
PAGER = less
# environment
LC_ALL = C
# makefile (from `Makefile', line 7)
BONUS_SRC = pipex_utils_1_bonus.c pipex_utils_2_bonus.c pipex_bonus.c
# automatic
^F = $(notdir $^)
# makefile (from `Makefile', line 17)
SRC_FILES = $(SRC)
# default
SUFFIXES := 
# default
.INCLUDE_DIRS = /usr/local/include
# environment
MAKELEVEL := 0
# environment
LANG = C
# environment
VSCODE_PID = 21059
# variable set hash-table stats:
# Load=76/1024=7%, Rehash=0, Collisions=4/117=3%

# Pattern-specific Variable Values

# No pattern-specific variable values.

# Directories

# . (device 16777225, inode 2941338): 14 files, no impossibilities.

# 14 files, no impossibilities in 1 directories.

# Implicit Rules

# No implicit rules.

# Files

all: pipex
#  Command-line target.
#  Implicit rule search has been done.
#  File does not exist.
#  File has been updated.
#  Needs to be updated (-q is set).
# variable set hash-table stats:
# Load=0/32=0%, Rehash=0, Collisions=0/6=0%

# Not a target:
pipex_utils_1.c:
#  Implicit rule search has been done.
#  Last modified 2022-08-16 19:57:13
#  File has been updated.
#  Successfully updated.
# variable set hash-table stats:
# Load=0/32=0%, Rehash=0, Collisions=0/0=0%

# Not a target:
.SUFFIXES:
#  Implicit rule search has not been done.
#  Modification time never checked.
#  File has not been updated.

# Not a target:
Makefile:
#  Implicit rule search has been done.
#  Last modified 2022-08-16 19:59:46
#  File has been updated.
#  Successfully updated.
# variable set hash-table stats:
# Load=0/32=0%, Rehash=0, Collisions=0/0=0%

# Not a target:
pipex.c:
#  Implicit rule search has been done.
#  Last modified 2022-08-16 19:57:13
#  File has been updated.
#  Successfully updated.
# variable set hash-table stats:
# Load=0/32=0%, Rehash=0, Collisions=0/0=0%

# Not a target:
pipex_utils_2.c:
#  Implicit rule search has been done.
#  Last modified 2022-08-16 19:57:13
#  File has been updated.
#  Successfully updated.
# variable set hash-table stats:
# Load=0/32=0%, Rehash=0, Collisions=0/0=0%

libft/libft.a:
#  Implicit rule search has not been done.
#  Modification time never checked.
#  File has not been updated.
#  commands to execute (from `Makefile', line 29):
	cd $(LIBFT_DIR); $(MAKE)
	

fclean:
#  Implicit rule search has not been done.
#  Modification time never checked.
#  File has not been updated.
#  commands to execute (from `Makefile', line 35):
	rm -f $(OBJ_FILES) $(BONUS_OBJ) $(NAME)
	

# Not a target:
.DEFAULT:
#  Implicit rule search has not been done.
#  Modification time never checked.
#  File has not been updated.

re:
#  Implicit rule search has not been done.
#  Modification time never checked.
#  File has not been updated.
#  commands to execute (from `Makefile', line 38):
	$(MAKE) fclean
	$(MAKE) all
	

clean:
#  Implicit rule search has not been done.
#  Modification time never checked.
#  File has not been updated.
#  commands to execute (from `Makefile', line 32):
	rm -f $(OBJ_FILES) $(BONUS_OBJ)
	

pipex_utils_1.o: pipex_utils_1.c pipex_utils_2.c pipex.c
#  Implicit rule search has not been done.
#  Implicit/static pattern stem: `'
#  File does not exist.
#  File has been updated.
#  Needs to be updated (-q is set).
 
# automatic
# @ := pipex_utils_1.o
# automatic
# % := 
# automatic
# * := 
# automatic
# + := pipex_utils_1.c pipex_utils_2.c pipex.c
# automatic
# | := 
# automatic
# < := pipex_utils_1.c
# automatic
# ^ := pipex_utils_1.c pipex_utils_2.c pipex.c
# automatic
# ? := pipex_utils_1.c pipex_utils_2.c pipex.c
# variable set hash-table stats:
# Load=8/32=25%, Rehash=0, Collisions=3/14=21%
#  commands to execute (from `Makefile', line 26):
	$(CC) $(CFLAGS) -c $(SRC_FILES)
	

pipex.o: pipex_utils_1.c pipex_utils_2.c pipex.c
#  Implicit rule search has not been done.
#  Modification time never checked.
#  File has not been updated.
#  commands to execute (from `Makefile', line 26):
	$(CC) $(CFLAGS) -c $(SRC_FILES)
	

pipex: pipex_utils_1.o pipex_utils_2.o pipex.o libft/libft.a
#  Implicit rule search has not been done.
#  File does not exist.
#  File has been updated.
#  Needs to be updated (-q is set).
# variable set hash-table stats:
# Load=0/32=0%, Rehash=0, Collisions=0/6=0%
#  commands to execute (from `Makefile', line 23):
	$(CC) $(CFLAGS) -o $(NAME) $(OBJ_FILES) -lft -L$(LIBFT_DIR)
	

pipex_utils_2.o: pipex_utils_1.c pipex_utils_2.c pipex.c
#  Implicit rule search has not been done.
#  Modification time never checked.
#  File has not been updated.
#  commands to execute (from `Makefile', line 26):
	$(CC) $(CFLAGS) -c $(SRC_FILES)
	

# files hash-table stats:
# Load=15/1024=1%, Rehash=0, Collisions=0/43=0%
# VPATH Search Paths

# No `vpath' search paths.

# No general (`VPATH' variable) search path.

# # of strings in strcache: 1
# # of strcache buffers: 1
# strcache size: total = 4096 / max = 4096 / min = 4096 / avg = 4096
# strcache free: total = 4087 / max = 4087 / min = 4087 / avg = 4087

# Finished Make data base on Tue Aug 16 20:03:41 2022

 
